<?xml version="1.0" encoding="UTF-8" ?>
<testsuite tests="2" failures="1" name="com.example.restservicedemo.PersonServiceRESTDBTest" time="0.818" errors="0" skipped="0">
  <properties>
[...]
</properties>
  <testcase classname="com.example.restservicedemo.PersonServiceRESTDBTest" name="addPeson" time="0.449"/>
  <testcase classname="com.example.restservicedemo.PersonServiceRESTDBTest" name="GiveCarToPersonTest" time="0.369">
    <failure message="column count (table=CARPERSON, expectedColCount=1, actualColCount=2) expected:&lt;[ID[]PERSON]&gt; but was:&lt;[ID[CAR, ID]PERSON]&gt;" type="junit.framework.ComparisonFailure">junit.framework.ComparisonFailure: column count (table=CARPERSON, expectedColCount=1, actualColCount=2) expected:&lt;[ID[]PERSON]&gt; but was:&lt;[ID[CAR, ID]PERSON]&gt;
	at org.dbunit.assertion.JUnitFailureFactory.createFailure(JUnitFailureFactory.java:39)
	at org.dbunit.assertion.DefaultFailureHandler.createFailure(DefaultFailureHandler.java:105)
	at org.dbunit.assertion.DbUnitAssert.assertEquals(DbUnitAssert.java:396)
	at org.dbunit.assertion.DbUnitAssert.assertEquals(DbUnitAssert.java:312)
	at org.dbunit.assertion.DbUnitAssert.assertEquals(DbUnitAssert.java:274)
	at org.dbunit.Assertion.assertEquals(Assertion.java:122)
	at com.example.restservicedemo.PersonServiceRESTDBTest.GiveCarToPersonTest(PersonServiceRESTDBTest.java:94)
	at sun.reflect.NativeMethodAccessorImpl.invoke0(Native Method)
	at sun.reflect.NativeMethodAccessorImpl.invoke(NativeMethodAccessorImpl.java:62)
	at sun.reflect.DelegatingMethodAccessorImpl.invoke(DelegatingMethodAccessorImpl.java:43)
	at java.lang.reflect.Method.invoke(Method.java:497)
	at org.junit.runners.model.FrameworkMethod$1.runReflectiveCall(FrameworkMethod.java:45)
	at org.junit.internal.runners.model.ReflectiveCallable.run(ReflectiveCallable.java:15)
	at org.junit.runners.model.FrameworkMethod.invokeExplosively(FrameworkMethod.java:42)
	at org.junit.internal.runners.statements.InvokeMethod.evaluate(InvokeMethod.java:20)
	at org.junit.runners.ParentRunner.runLeaf(ParentRunner.java:263)
	at org.junit.runners.BlockJUnit4ClassRunner.runChild(BlockJUnit4ClassRunner.java:68)
	at org.junit.runners.BlockJUnit4ClassRunner.runChild(BlockJUnit4ClassRunner.java:47)
	at org.junit.runners.ParentRunner$3.run(ParentRunner.java:231)
	at org.junit.runners.ParentRunner$1.schedule(ParentRunner.java:60)
	at org.junit.runners.ParentRunner.runChildren(ParentRunner.java:229)
	at org.junit.runners.ParentRunner.access$000(ParentRunner.java:50)
	at org.junit.runners.ParentRunner$2.evaluate(ParentRunner.java:222)
	at org.junit.internal.runners.statements.RunBefores.evaluate(RunBefores.java:28)
	at org.junit.internal.runners.statements.RunAfters.evaluate(RunAfters.java:30)
	at org.junit.runners.ParentRunner.run(ParentRunner.java:300)
	at org.apache.maven.surefire.junit4.JUnit4Provider.execute(JUnit4Provider.java:252)
	at org.apache.maven.surefire.junit4.JUnit4Provider.executeTestSet(JUnit4Provider.java:141)
	at org.apache.maven.surefire.junit4.JUnit4Provider.invoke(JUnit4Provider.java:112)
	at sun.reflect.NativeMethodAccessorImpl.invoke0(Native Method)
	at sun.reflect.NativeMethodAccessorImpl.invoke(NativeMethodAccessorImpl.java:62)
	at sun.reflect.DelegatingMethodAccessorImpl.invoke(DelegatingMethodAccessorImpl.java:43)
	at java.lang.reflect.Method.invoke(Method.java:497)
	at org.apache.maven.surefire.util.ReflectionUtils.invokeMethodWithArray(ReflectionUtils.java:189)
	at org.apache.maven.surefire.booter.ProviderFactory$ProviderProxy.invoke(ProviderFactory.java:165)
	at org.apache.maven.surefire.booter.ProviderFactory.invokeProvider(ProviderFactory.java:85)
	at org.apache.maven.surefire.booter.ForkedBooter.runSuitesInProcess(ForkedBooter.java:115)
	at org.apache.maven.surefire.booter.ForkedBooter.main(ForkedBooter.java:75)
</failure>
    <system-out>2015-05-26 23:17:18,067 WARN  [AbstractTableMetaData]  - Potential problem found: The configured data type factory &apos;class org.dbunit.dataset.datatype.DefaultDataTypeFactory&apos; might cause problems with the current database &apos;HSQL Database Engine&apos; (e.g. some datatypes may not be supported properly). In rare cases you might see this message because the list of supported database products is incomplete (list=[derby]). If so please request a java-class update via the forums.If you are using your own IDataTypeFactory extending DefaultDataTypeFactory, ensure that you override getValidDbProducts() to specify the supported database products.
2015-05-26 23:17:18,072 ERROR [DbUnitAssert]  - junit.framework.ComparisonFailure: column count (table=CARPERSON, expectedColCount=1, actualColCount=2) expected:&lt;[ID[]PERSON]&gt; but was:&lt;[ID[CAR, ID]PERSON]&gt;
</system-out>
  </testcase>
</testsuite>